  ****************************************************
  *    USAF STABILITY AND CONTROL  DIGITAL DATCOM    *
  *    PROGRAM REV. JAN 96   DIRECT INQUIRIES TO:    *
  *    WRIGHT LABORATORY  (WL/FIGC)  ATTN: W. BLAKE  *
  *      WRIGHT PATTERSON AFB, OHIO  45433           *
  *    PHONE (513) 255-6764,   FAX (513) 258-4054    *
  ****************************************************
1                         CONERR - INPUT ERROR CHECKING
0 ERROR CODES - N* DENOTES THE NUMBER OF OCCURENCES OF EACH ERROR
0 A - UNKNOWN VARIABLE NAME
0 B - MISSING EQUAL SIGN FOLLOWING VARIABLE NAME
0 C - NON-ARRAY VARIABLE HAS AN ARRAY ELEMENT DESIGNATION - (N)
0 D - NON-ARRAY VARIABLE HAS MULTIPLE VALUES ASSIGNED
0 E - ASSIGNED VALUES EXCEED ARRAY DIMENSION
0 F - SYNTAX ERROR

0******************************  INPUT DATA CARDS  ******************************

  *                                                                              
  *   Cessna 172                                                                 
  *   Input file for Digital Datcom                                              
  *                                                                              
  *   PyFME @ Aeropython                                                         
  *                                                                              
 CASEID Cessna172 : Fuselage + Wing + Aileron                                    
 DIM M                                                                           
 DERIV RAD                                                                       
  * Flight condition                                                             
  $FLTCON LOOP=3.0,                                                              
  NMACH=1.0, MACH(1)=0.16,                                                       
  NALT=1.0, ALT(1)=1500.0,                                                       
  NALPHA=12.0, ALSCHD(1)=-7.5,-5.0,-2.5,0.0,2.5,5.,7.5,10.,15.,17.,18.,19.5$     
  * Location of CG, wing, vertical and horizontal tails                             ** ERROR ** NO NAMELIST NAME FOLLOWING $ 
  $SYNTHS                                                                        
  XCG=2.22, ZCG=0.99,                                                            
  XW=1.84, ZW=2.07, ALIW=1.5,                                                    
  XH=5.95, ZH=1.16, ALIH=0.0,                                                    
  XV=6.18, ZV=1.29,                                                              
  SCALE=1.0, VERTUP=.TRUE.$                                                      
  * Body geometry                                                                   ** ERROR ** NO NAMELIST NAME FOLLOWING $ 
  $BODY NX=20.0, ITYPE=2.0, METHOD=2.0,                                          
  X(1)=0.10,0.26,0.55,0.67,1.16,1.53,1.75,1.88,2.59,3.09,3.52,                   
  3.95,4.39,4.85,5.41,5.87,6.33,6.79,7.22,7.57,                                  
  S(1)=0.71,1.9,2.02,2.13,2.26,2.6,2.93,3.21,3.26,2.99,                          
  2.45,2.17,1.85,1.63,1.39,1.13,0.93,0.65,0.45,0.06,                             
  P(1)=5.36,5.72,5.63,5.71,6.24,6.63,6.95,6.98,6.77,6.09,                        
  6.09,5.5,5.36,5.21,5.05,4.97,4.93,4.89,4.87,                                   
  R(1)=0.17,0.49,0.55,0.58,0.64,0.67,0.71,0.74,0.75,0.69,0.63,0.57,              
  0.52,0.44,0.38,0.31,0.25,0.17,0.12,0.01,                                       
  ZU(1)=1.47,1.60,1.62,1.63,1.63,1.89,2.04,2.15,2.12,2.04,1.76,                  
  1.57,1.51,1.50,1.46,1.42,1.38,1.35,1.32,1.29,                                  
  ZL(1)=1.14,0.88,0.72,0.70,0.61,0.59,0.59,0.62,0.66,0.71,0.75,0.78,             
  0.83,0.85,0.88,0.92,0.97,0.01,1.09,1.14$                                       
 NACA-W-4-2412                                                                   
  * Wing airfoil and planform                                                       ** ERROR ** NO NAMELIST NAME FOLLOWING $ 
  $WGPLNF                                                                        
  CHRDR=1.626, CHRDBP=1.626, CHRDTP=1.13,                                        
  SSPN=5.49, SSPNE=4.75, SSPNOP=2.941,                                           
  SAVSI=0.0, SAVSO=3.0, CHSTAT=0.0,                                              
  TWISTA=-3.0, DHDADI=1.7333, DHDADO=1.7333, TYPE=1.0$                           
  * Aileron geometry                                                                ** ERROR ** NO NAMELIST NAME FOLLOWING $ 
  $ASYFLP                                                                        
  NDELTA=9.0,STYPE=4.0,                                                          
  DELTAL(1)=-15.,-10.,-5.,-2.5,0.,5.,10.,15.,20.,                                
  DELTAR(1)=20.,15.,10.,5.,0.,-2.5,-5.,-10.,-15.,                                
  CHRDFI=0.312, CHRDFO=0.312,                                                    
  SPANFI=2.44, SPANFO=5.15$                                                      
 SAVE                                                                            
 NEXT CASE                                                                       
 CASEID Cessna172 : Vertical and Horizontal Stabilizer + Elevator                
 DAMP                                                                            
 NACA-V-4-0009                                                                   
  * Vertical tail planform                                                          ** ERROR ** NO NAMELIST NAME FOLLOWING $ 
  $VTPLNF                                                                        
  CHRDR=1.39, CHRDTP=0.65,                                                       
  SSPN=1.36, SSPNE=1.30,                                                         
  SAVSI=35.0, CHSTAT=0.25, TYPE=1.0$                                             
 NACA-H-4-0012                                                                   
  * Horizontal tail planform                                                        ** ERROR ** NO NAMELIST NAME FOLLOWING $ 
  $HTPLNF                                                                        
  CHRDR=1.39, CHRDTP=0.77,                                                       
  SSPN=1.73, SSPNE=1.50,                                                         
  SAVSI=9.0, CHSTAT=0.0, TWISTA=0.0,                                             
  DHDADI=0.0, TYPE=1.0$                                                          
  * Elevator geometry                                                               ** ERROR ** NO NAMELIST NAME FOLLOWING $ 
  $SYMFLP FTYPE=1.0,                                                             
  SPANFI=0.23, SPANFO=1.727,                                                     
  CHRDFI=0.56, CHRDFO=0.27,                                                      
  NTYPE=1.0, NDELTA=9.0,                                                         
  DELTA(1)=-26.0,-20.0,-10.0,-5.0,0.0,7.5,15.0,22.5,28.0$                        
                                                                                    ** ERROR ** NO NAMELIST NAME FOLLOWING $ 
1          THE FOLLOWING IS A LIST OF ALL INPUT CARDS FOR THIS CASE.
0
  *                                                                              
  *   Cessna 172                                                                 
  *   Input file for Digital Datcom                                              
  *                                                                              
  *   PyFME @ Aeropython                                                         
  *                                                                              
 CASEID Cessna172 : Fuselage + Wing + Aileron                                    
 DIM M                                                                           
 DERIV RAD                                                                       
  * Flight condition                                                             
  $FLTCON LOOP=3.0,                                                              
  NMACH=1.0, MACH(1)=0.16,                                                       
  NALT=1.0, ALT(1)=1500.0,                                                       
  NALPHA=12.0, ALSCHD(1)=-7.5,-5.0,-2.5,0.0,2.5,5.,7.5,10.,15.,17.,18.,19.5$     
  * Location of CG, wing, vertical and horizontal tails                          
  $SYNTHS                                                                        
  XCG=2.22, ZCG=0.99,                                                            
  XW=1.84, ZW=2.07, ALIW=1.5,                                                    
  XH=5.95, ZH=1.16, ALIH=0.0,                                                    
  XV=6.18, ZV=1.29,                                                              
  SCALE=1.0, VERTUP=.TRUE.$                                                      
  * Body geometry                                                                
  $BODY NX=20.0, ITYPE=2.0, METHOD=2.0,                                          
  X(1)=0.10,0.26,0.55,0.67,1.16,1.53,1.75,1.88,2.59,3.09,3.52,                   
  3.95,4.39,4.85,5.41,5.87,6.33,6.79,7.22,7.57,                                  
  S(1)=0.71,1.9,2.02,2.13,2.26,2.6,2.93,3.21,3.26,2.99,                          
  2.45,2.17,1.85,1.63,1.39,1.13,0.93,0.65,0.45,0.06,                             
  P(1)=5.36,5.72,5.63,5.71,6.24,6.63,6.95,6.98,6.77,6.09,                        
  6.09,5.5,5.36,5.21,5.05,4.97,4.93,4.89,4.87,                                   
  R(1)=0.17,0.49,0.55,0.58,0.64,0.67,0.71,0.74,0.75,0.69,0.63,0.57,              
  0.52,0.44,0.38,0.31,0.25,0.17,0.12,0.01,                                       
  ZU(1)=1.47,1.60,1.62,1.63,1.63,1.89,2.04,2.15,2.12,2.04,1.76,                  
  1.57,1.51,1.50,1.46,1.42,1.38,1.35,1.32,1.29,                                  
  ZL(1)=1.14,0.88,0.72,0.70,0.61,0.59,0.59,0.62,0.66,0.71,0.75,0.78,             
  0.83,0.85,0.88,0.92,0.97,0.01,1.09,1.14$                                       
 NACA-W-4-2412                                                                   
  * Wing airfoil and planform                                                    
  $WGPLNF                                                                        
  CHRDR=1.626, CHRDBP=1.626, CHRDTP=1.13,                                        
  SSPN=5.49, SSPNE=4.75, SSPNOP=2.941,                                           
  SAVSI=0.0, SAVSO=3.0, CHSTAT=0.0,                                              
  TWISTA=-3.0, DHDADI=1.7333, DHDADO=1.7333, TYPE=1.0$                           
  * Aileron geometry                                                             
  $ASYFLP                                                                        
  NDELTA=9.0,STYPE=4.0,                                                          
  DELTAL(1)=-15.,-10.,-5.,-2.5,0.,5.,10.,15.,20.,                                
  DELTAR(1)=20.,15.,10.,5.,0.,-2.5,-5.,-10.,-15.,                                
  CHRDFI=0.312, CHRDFO=0.312,                                                    
  SPANFI=2.44, SPANFO=5.15$                                                      
 SAVE                                                                            
 NEXT CASE                                                                       
0 INPUT DIMENSIONS ARE IN M , SCALE FACTOR IS 1.0000

1                             AUTOMATED STABILITY AND CONTROL METHODS PER APRIL 1976 VERSION OF DATCOM   
                                                        WING SECTION DEFINITION
0                                 IDEAL ANGLE OF ATTACK =   0.25757 DEG.

                              ZERO LIFT ANGLE OF ATTACK =  -1.87966 DEG.

                                 IDEAL LIFT COEFFICIENT =   0.25602

                  ZERO LIFT PITCHING MOMENT COEFFICIENT =  -0.05087

                             MACH ZERO LIFT-CURVE-SLOPE =   0.09617 /DEG.

                                    LEADING EDGE RADIUS =   0.01587 FRACTION CHORD

                              MAXIMUM AIRFOIL THICKNESS =   0.12000 FRACTION CHORD

                                                DELTA-Y =   3.16898 PERCENT CHORD


0                         MACH= 0.1600 LIFT-CURVE-SLOPE =   0.09716 /DEG.      XAC =   0.25830
1                               AUTOMATED STABILITY AND CONTROL METHODS PER APRIL 1976 VERSION OF DATCOM
                                         CHARACTERISTICS AT ANGLE OF ATTACK AND IN SIDESLIP
                                                       WING-BODY CONFIGURATION
                                               Cessna172 : Fuselage + Wing + Aileron
 
 -----------------------  FLIGHT CONDITIONS  ------------------------           --------------  REFERENCE DIMENSIONS  ------------
  MACH    ALTITUDE   VELOCITY    PRESSURE    TEMPERATURE     REYNOLDS             REF.      REFERENCE LENGTH   MOMENT REF. CENTER
 NUMBER                                                       NUMBER              AREA       LONG.     LAT.     HORIZ      VERT
              M        M/SEC      N/ M**2       DEG K         1/ M                M**2         M         M         M         M
0 0.160    1500.00      53.51   8.4560E+04     278.402     3.2359E+06            16.395      1.511    10.980     2.220     0.990
0                                                               -------------------DERIVATIVE (PER RADIAN)-------------------
0 ALPHA     CD       CL       CM       CN       CA       XCP        CLA          CMA          CYB          CNB          CLB
0
   -7.5    0.037   -0.506   -0.1198  -0.506   -0.029    0.237    5.526E+00    8.729E-01   -2.010E-01   -4.188E-02   -1.716E-01
   -5.0    0.030   -0.272   -0.0846  -0.273    0.006    0.310    5.204E+00    7.429E-01                             -1.804E-01
   -2.5    0.027   -0.052   -0.0550  -0.053    0.024    1.045    4.967E+00    6.126E-01                             -1.886E-01
    0.0    0.028    0.162   -0.0311   0.162    0.028   -0.192    5.038E+00    4.575E-01                             -1.966E-01
    2.5    0.034    0.388   -0.0151   0.389    0.017   -0.039    5.342E+00    2.543E-01                             -2.050E-01
    5.0    0.045    0.628   -0.0089   0.630   -0.010   -0.014    5.618E+00    2.261E-02                             -2.140E-01
    7.5    0.062    0.878   -0.0131   0.879   -0.054   -0.015    5.815E+00   -2.178E-01                             -2.233E-01
   10.0    0.084    1.135   -0.0279   1.133   -0.114   -0.025    5.521E+00   -4.311E-01                             -2.329E-01
   15.0    0.132    1.553   -0.0815   1.534   -0.274   -0.053    3.616E+00   -7.178E-01                             -2.485E-01
   17.0    0.146    1.663   -0.1080   1.633   -0.346   -0.066    2.596E+00   -7.714E-01                             -2.526E-01
   18.0    0.151    1.703   -0.1216   1.666   -0.382   -0.073    1.989E+00   -7.704E-01                             -2.541E-01
   19.5    0.157    1.742   -0.1415   1.695   -0.434   -0.083    1.002E+00   -7.493E-01                             -2.556E-01
1                            AUTOMATED STABILITY AND CONTROL METHODS PER APRIL 1976 VERSION OF DATCOM
                                         CHARACTERISTICS OF HIGH LIFT AND CONTROL DEVICES
                                            WING PLAIN TRAILING-EDGE FLAP CONFIGURATION
                                               Cessna172 : Fuselage + Wing + Aileron
 -----------------------  FLIGHT CONDITIONS  ------------------------           --------------  REFERENCE DIMENSIONS  ------------
  MACH    ALTITUDE   VELOCITY    PRESSURE    TEMPERATURE     REYNOLDS             REF.      REFERENCE LENGTH   MOMENT REF. CENTER
 NUMBER                                                       NUMBER              AREA       LONG.     LAT.     HORIZ      VERT
              M        M/SEC      N/ M**2       DEG K         1/ M                M**2         M         M         M         M
0 0.160    1500.00      53.51   3.6885E+01     902.023     3.0062E+05            16.395      1.511    10.980     2.220     0.990
0                           ----------YAWING MOMENT COEFFICIENT,CN,DUE TO CONTROL DEFLECTION----------
0(DELTAL-DELTAR)=-35.0       -25.0       -15.0        -7.5         0.0         7.5        15.0        25.0        35.0
0ALPHA
0
  -7.5        -4.321E-03  -3.318E-03  -2.016E-03  -1.008E-03   0.000E+00   1.008E-03   2.016E-03   3.318E-03   4.321E-03
  -5.0        -2.238E-03  -1.718E-03  -1.044E-03  -5.222E-04   0.000E+00   5.222E-04   1.044E-03   1.718E-03   2.238E-03
  -2.5        -2.783E-04  -2.137E-04  -1.299E-04  -6.493E-05   0.000E+00   6.493E-05   1.299E-04   2.137E-04   2.783E-04
   0.0         1.645E-03   1.263E-03   7.675E-04   3.837E-04   0.000E+00  -3.837E-04  -7.675E-04  -1.263E-03  -1.645E-03
   2.5         3.699E-03   2.840E-03   1.726E-03   8.631E-04   0.000E+00  -8.631E-04  -1.726E-03  -2.840E-03  -3.699E-03
   5.0         5.861E-03   4.500E-03   2.735E-03   1.367E-03   0.000E+00  -1.367E-03  -2.735E-03  -4.500E-03  -5.861E-03
   7.5         8.099E-03   6.218E-03   3.779E-03   1.890E-03   0.000E+00  -1.890E-03  -3.779E-03  -6.218E-03  -8.099E-03
  10.0         1.038E-02   7.970E-03   4.844E-03   2.422E-03   0.000E+00  -2.422E-03  -4.844E-03  -7.970E-03  -1.038E-02
  15.0         1.397E-02   1.072E-02   6.518E-03   3.259E-03   0.000E+00  -3.259E-03  -6.518E-03  -1.072E-02  -1.397E-02
  17.0         1.483E-02   1.138E-02   6.919E-03   3.459E-03   0.000E+00  -3.459E-03  -6.919E-03  -1.138E-02  -1.483E-02
  18.0         1.512E-02   1.161E-02   7.057E-03   3.529E-03   0.000E+00  -3.529E-03  -7.057E-03  -1.161E-02  -1.512E-02
  19.5         1.539E-02   1.181E-02   7.180E-03   3.590E-03   0.000E+00  -3.590E-03  -7.180E-03  -1.181E-02  -1.539E-02
0
0                                            DELTAL          DELTAR          (CL)ROLL
0
                                             -15.0            20.0           -7.8052E-02
                                             -10.0            15.0           -5.9926E-02
                                              -5.0            10.0           -3.6422E-02
                                              -2.5             5.0           -1.8211E-02
                                               0.0             0.0            0.0000E+00
                                               5.0            -2.5            1.8211E-02
                                              10.0            -5.0            3.6422E-02
                                              15.0           -10.0            5.9926E-02
                                              20.0           -15.0            7.8052E-02
1          THE FOLLOWING IS A LIST OF ALL INPUT CARDS FOR THIS CASE.
0
 CASEID Cessna172 : Vertical and Horizontal Stabilizer + Elevator                
 DAMP                                                                            
 NACA-V-4-0009                                                                   
  * Vertical tail planform                                                       
  $VTPLNF                                                                        
  CHRDR=1.39, CHRDTP=0.65,                                                       
  SSPN=1.36, SSPNE=1.30,                                                         
  SAVSI=35.0, CHSTAT=0.25, TYPE=1.0$                                             
 NACA-H-4-0012                                                                   
  * Horizontal tail planform                                                     
  $HTPLNF                                                                        
  CHRDR=1.39, CHRDTP=0.77,                                                       
  SSPN=1.73, SSPNE=1.50,                                                         
  SAVSI=9.0, CHSTAT=0.0, TWISTA=0.0,                                             
  DHDADI=0.0, TYPE=1.0$                                                          
  * Elevator geometry                                                            
  $SYMFLP FTYPE=1.0,                                                             
  SPANFI=0.23, SPANFO=1.727,                                                     
  CHRDFI=0.56, CHRDFO=0.27,                                                      
  NTYPE=1.0, NDELTA=9.0,                                                         
  DELTA(1)=-26.0,-20.0,-10.0,-5.0,0.0,7.5,15.0,22.5,28.0$                        
                                                                                 
0ERROR ** FLAP INBOARD SPAN, SPANI = 0.23000E+00, IT IS INSIDE THE BODY AS DEFINED BY SSPN AND SSPNE
          SPANI IS REDEFINED, SPANI = SSPN-SSPNE = 0.23000E+00

0 INPUT DIMENSIONS ARE IN M , SCALE FACTOR IS 1.0000

1                             AUTOMATED STABILITY AND CONTROL METHODS PER APRIL 1976 VERSION OF DATCOM   
                                                        WING SECTION DEFINITION
0                                 IDEAL ANGLE OF ATTACK =   0.25757 DEG.

                              ZERO LIFT ANGLE OF ATTACK =  -1.87966 DEG.

                                 IDEAL LIFT COEFFICIENT =   0.25602

                  ZERO LIFT PITCHING MOMENT COEFFICIENT =  -0.05087

                             MACH ZERO LIFT-CURVE-SLOPE =   0.09617 /DEG.

                                    LEADING EDGE RADIUS =   0.01587 FRACTION CHORD

                              MAXIMUM AIRFOIL THICKNESS =   0.12000 FRACTION CHORD

                                                DELTA-Y =   3.16898 PERCENT CHORD


0                         MACH= 0.1600 LIFT-CURVE-SLOPE =   0.09716 /DEG.      XAC =   0.25830
1                             AUTOMATED STABILITY AND CONTROL METHODS PER APRIL 1976 VERSION OF DATCOM   
                                                   HORIZONTAL TAIL SECTION DEFINITION
0                                 IDEAL ANGLE OF ATTACK =   0.00000 DEG.

                              ZERO LIFT ANGLE OF ATTACK =   0.00000 DEG.

                                 IDEAL LIFT COEFFICIENT =   0.00000

                  ZERO LIFT PITCHING MOMENT COEFFICIENT =   0.00000

                             MACH ZERO LIFT-CURVE-SLOPE =   0.09596 /DEG.

                                    LEADING EDGE RADIUS =   0.01587 FRACTION CHORD

                              MAXIMUM AIRFOIL THICKNESS =   0.12000 FRACTION CHORD

                                                DELTA-Y =   3.16898 PERCENT CHORD


0                         MACH= 0.1600 LIFT-CURVE-SLOPE =   0.09700 /DEG.      XAC =   0.25867
1                             AUTOMATED STABILITY AND CONTROL METHODS PER APRIL 1976 VERSION OF DATCOM   
                                                    VERTICAL TAIL SECTION DEFINITION
0                                 IDEAL ANGLE OF ATTACK =   0.00000 DEG.

                              ZERO LIFT ANGLE OF ATTACK =   0.00000 DEG.

                                 IDEAL LIFT COEFFICIENT =   0.00000

                  ZERO LIFT PITCHING MOMENT COEFFICIENT =   0.00000

                             MACH ZERO LIFT-CURVE-SLOPE =   0.09830 /DEG.

                                    LEADING EDGE RADIUS =   0.00893 FRACTION CHORD

                              MAXIMUM AIRFOIL THICKNESS =   0.09000 FRACTION CHORD

                                                DELTA-Y =   2.37673 PERCENT CHORD


0                         MACH= 0.1600 LIFT-CURVE-SLOPE =   0.09942 /DEG.      XAC =   0.25661
1                               AUTOMATED STABILITY AND CONTROL METHODS PER APRIL 1976 VERSION OF DATCOM
                                         CHARACTERISTICS AT ANGLE OF ATTACK AND IN SIDESLIP
                                        WING-BODY-VERTICAL TAIL-HORIZONTAL TAIL CONFIGURATION
                                     Cessna172 : Vertical and Horizontal Stabilizer + Elevator
 
 -----------------------  FLIGHT CONDITIONS  ------------------------           --------------  REFERENCE DIMENSIONS  ------------
  MACH    ALTITUDE   VELOCITY    PRESSURE    TEMPERATURE     REYNOLDS             REF.      REFERENCE LENGTH   MOMENT REF. CENTER
 NUMBER                                                       NUMBER              AREA       LONG.     LAT.     HORIZ      VERT
              M        M/SEC      N/ M**2       DEG K         1/ M                M**2         M         M         M         M
0 0.160    1500.00      53.51   8.4560E+04     278.402     3.2359E+06            16.395      1.511    10.980     2.220     0.990
0                                                               -------------------DERIVATIVE (PER RADIAN)-------------------
0 ALPHA     CD       CL       CM       CN       CA       XCP        CLA          CMA          CYB          CNB          CLB
0
   -7.5    0.044   -0.571    0.0597  -0.572   -0.031   -0.104    5.916E+00    4.826E-01   -2.684E-01   -1.259E-02   -1.776E-01
   -5.0    0.034   -0.321    0.0498  -0.322    0.006   -0.154    5.594E+00   -3.236E-01                             -1.862E-01
   -2.5    0.030   -0.083    0.0314  -0.084    0.026   -0.373    5.368E+00   -4.846E-01                             -1.943E-01
    0.0    0.030    0.148    0.0075   0.148    0.030    0.051    5.440E+00   -6.442E-01                             -2.021E-01
    2.5    0.036    0.392   -0.0248   0.393    0.019   -0.063    5.750E+00   -8.648E-01                             -2.103E-01
    5.0    0.048    0.650   -0.0680   0.651   -0.008   -0.104    6.033E+00   -1.122E+00                             -2.191E-01
    7.5    0.067    0.918   -0.1227   0.919   -0.053   -0.133    6.252E+00   -1.429E+00                             -2.283E-01
   10.0    0.093    1.195   -0.1927   1.193   -0.116   -0.161    6.004E+00   -1.777E+00                             -2.376E-01
   15.0    0.150    1.659   -0.3779   1.642   -0.284   -0.230    4.178E+00   -2.297E+00                             -2.516E-01
   17.0    0.169    1.789   -0.4605   1.760   -0.362   -0.262    3.199E+00   -2.464E+00                             -2.551E-01
   18.0    0.177    1.840   -0.5043   1.805   -0.401   -0.279    2.500E+00   -2.199E+00                             -2.560E-01
   19.5    0.184    1.889   -0.5496   1.842   -0.457   -0.298    1.186E+00   -1.258E+00                             -2.566E-01
0                                    ALPHA     Q/QINF    EPSLON  D(EPSLON)/D(ALPHA)
0
                                     -7.5      1.000     -2.771        0.534
                                     -5.0      1.000     -1.437        0.518
                                     -2.5      1.000     -0.182        0.494
                                      0.0      1.000      1.033        0.484
                                      2.5      1.000      2.239        0.478
                                      5.0      1.000      3.421        0.471
                                      7.5      1.000      4.595        0.454
                                     10.0      1.000      5.689        0.407
                                     15.0      1.000      7.410        0.260
                                     17.0      1.000      7.863        0.183
                                     18.0      1.000      8.024        0.140
                                     19.5      1.000      8.187        0.109
1                               AUTOMATED STABILITY AND CONTROL METHODS PER APRIL 1976 VERSION OF DATCOM
                                                         DYNAMIC DERIVATIVES
                                        WING-BODY-VERTICAL TAIL-HORIZONTAL TAIL CONFIGURATION
                                     Cessna172 : Vertical and Horizontal Stabilizer + Elevator
 
 -----------------------  FLIGHT CONDITIONS  ------------------------           --------------  REFERENCE DIMENSIONS  ------------
  MACH    ALTITUDE   VELOCITY    PRESSURE    TEMPERATURE     REYNOLDS             REF.      REFERENCE LENGTH   MOMENT REF. CENTER
 NUMBER                                                       NUMBER              AREA       LONG.     LAT.     HORIZ      VERT
              M        M/SEC      N/ M**2       DEG K         1/ M                M**2         M         M         M         M
0 0.160    1500.00      53.51   8.4560E+04     278.402     3.2359E+06            16.395      1.511    10.980     2.220     0.990
                                                    DYNAMIC DERIVATIVES (PER RADIAN)
0           -------PITCHING-------    -----ACCELERATION------    --------------ROLLING--------------    --------YAWING--------
0   ALPHA       CLQ          CMQ           CLAD         CMAD         CLP          CYP          CNP          CNR          CLR
0
    -7.50    7.282E+00   -6.232E+00     2.434E+00   -6.640E+00   -4.968E-01   -3.210E-02    2.992E-02   -2.811E-02   -9.675E-02
    -5.00                               2.362E+00   -6.441E+00   -4.678E-01   -3.716E-02    1.610E-02   -2.682E-02   -5.245E-02
    -2.50                               2.253E+00   -6.146E+00   -4.489E-01   -4.178E-02    2.618E-03   -2.666E-02   -1.087E-02
     0.00                               2.209E+00   -6.025E+00   -4.595E-01   -4.627E-02   -1.077E-02   -2.746E-02    2.986E-02
     2.50                               2.178E+00   -5.942E+00   -4.870E-01   -5.113E-02   -2.452E-02   -2.933E-02    7.342E-02
     5.00                               2.149E+00   -5.861E+00   -5.085E-01   -5.628E-02   -3.849E-02   -3.246E-02    1.193E-01
     7.50                               2.069E+00   -5.644E+00   -5.231E-01   -6.168E-02   -5.281E-02   -3.695E-02    1.667E-01
    10.00                               1.855E+00   -5.059E+00   -4.916E-01   -6.769E-02   -7.082E-02   -4.287E-02    2.152E-01
    15.00                               1.185E+00   -3.233E+00   -3.010E-01   -7.829E-02   -1.130E-01   -5.484E-02    2.909E-01
    17.00                               8.333E-01   -2.273E+00   -2.030E-01   -8.117E-02   -1.284E-01   -5.810E-02    3.086E-01
    18.00                               6.394E-01   -1.744E+00   -1.498E-01   -8.236E-02   -1.356E-01   -5.923E-02    3.146E-01
    19.50                               4.971E-01   -1.356E+00   -6.713E-02   -8.278E-02   -1.422E-01   -6.015E-02    3.197E-01
1                            AUTOMATED STABILITY AND CONTROL METHODS PER APRIL 1976 VERSION OF DATCOM
                                         CHARACTERISTICS OF HIGH LIFT AND CONTROL DEVICES
                                            TAIL PLAIN TRAILING-EDGE FLAP CONFIGURATION
                                     Cessna172 : Vertical and Horizontal Stabilizer + Elevator
 -----------------------  FLIGHT CONDITIONS  ------------------------           --------------  REFERENCE DIMENSIONS  ------------
  MACH    ALTITUDE   VELOCITY    PRESSURE    TEMPERATURE     REYNOLDS             REF.      REFERENCE LENGTH   MOMENT REF. CENTER
 NUMBER                                                       NUMBER              AREA       LONG.     LAT.     HORIZ      VERT
              M        M/SEC      N/ M**2       DEG K         1/ M                M**2         M         M         M         M
0 0.160    1500.00      53.51   3.6885E+01     902.023     3.0062E+05            16.395      1.511    10.980     2.220     0.990
0            ---------INCREMENTS DUE TO DEFLECTION---------              ---DERIVATIVES (PER DEGREE)---
0     DELTA     D(CL)     D(CM)    D(CL MAX)    D(CD MIN)                (CLA)D     (CH)A       (CH)D


      -26.0    -0.132     0.3302     0.127      0.01653                  NDM      -5.754E-03  -1.385E-02
      -20.0    -0.123     0.3065     0.105      0.01012                  NDM                  -1.302E-02
      -10.0    -0.082     0.2014     0.061      0.00358                  NDM                  -1.145E-02
       -5.0    -0.041     0.1007     0.031      0.00176                  NDM                  -1.145E-02
        0.0     0.000    -0.0002     0.000      0.00000                  NDM                  -1.145E-02
        7.5     0.061    -0.1511     0.046      0.00267                  NDM                  -1.145E-02
       15.0     0.116    -0.2863     0.085      0.00662                  NDM                  -1.178E-02
       22.5     0.124    -0.3109     0.114      0.01264                  NDM                  -1.351E-02
       28.0     0.137    -0.3450     0.134      0.01923                  NDM                  -1.399E-02
0  *** NOTE * HINGE MOMENT DERIVATIVES ARE BASED ON TWICE THE AREA-MOMENT OF THE CONTROL ABOUT ITS HINGE LINE

0            --------- INDUCED DRAG COEFFICIENT INCREMENT , D(CDI) , DUE TO DEFLECTION ---------
0       DELTA = -26.0     -20.0     -10.0      -5.0       0.0       7.5      15.0      22.5      28.0
   ALPHA
0
    -7.5        1.35E-02  1.21E-02  6.51E-03  2.49E-03 -3.47E-06 -8.90E-04  1.21E-03  1.74E-03  2.73E-03
    -5.0        1.19E-02  1.06E-02  5.52E-03  2.00E-03 -2.48E-06 -1.50E-04  2.61E-03  3.23E-03  4.38E-03
    -2.5        1.02E-02  9.02E-03  4.47E-03  1.47E-03 -1.43E-06  6.40E-04  4.11E-03  4.83E-03  6.14E-03
     0.0        8.46E-03  7.38E-03  3.38E-03  9.31E-04 -3.38E-07  1.46E-03  5.66E-03  6.48E-03  7.96E-03
     2.5        6.70E-03  5.74E-03  2.29E-03  3.84E-04  7.56E-07  2.28E-03  7.21E-03  8.14E-03  9.80E-03
     5.0        4.90E-03  4.06E-03  1.17E-03 -1.74E-04  1.87E-06  3.11E-03  8.79E-03  9.83E-03  1.17E-02
     7.5        3.09E-03  2.38E-03  5.17E-05 -7.35E-04  2.99E-06  3.95E-03  1.04E-02  1.15E-02  1.35E-02
    10.0        1.17E-03  5.90E-04 -1.14E-03 -1.33E-03  4.18E-06  4.85E-03  1.21E-02  1.33E-02  1.55E-02
    15.0       -3.30E-03 -3.58E-03 -3.91E-03 -2.72E-03  6.96E-06  6.93E-03  1.60E-02  1.75E-02  2.02E-02
    17.0       -5.41E-03 -5.55E-03 -5.22E-03 -3.37E-03  8.27E-06  7.91E-03  1.79E-02  1.95E-02  2.24E-02
    18.0       -6.56E-03 -6.61E-03 -5.93E-03 -3.73E-03  8.97E-06  8.44E-03  1.89E-02  2.06E-02  2.36E-02
    19.5       -8.38E-03 -8.31E-03 -7.06E-03 -4.29E-03  1.01E-05  9.29E-03  2.05E-02  2.23E-02  2.55E-02
0***NDM PRINTED WHEN NO DATCOM METHODS EXIST
1 END OF JOB.
